0 info it worked if it ends with ok
1 verbose cli [ '/usr/local/bin/node', '/usr/local/bin/npm', 'run', 'tsc' ]
2 info using npm@3.7.3
3 info using node@v5.9.1
4 verbose run-script [ 'pretsc', 'tsc', 'posttsc' ]
5 info lifecycle angular2-quickstart@1.0.0~pretsc: angular2-quickstart@1.0.0
6 silly lifecycle angular2-quickstart@1.0.0~pretsc: no script for pretsc, continuing
7 info lifecycle angular2-quickstart@1.0.0~tsc: angular2-quickstart@1.0.0
8 verbose lifecycle angular2-quickstart@1.0.0~tsc: unsafe-perm in lifecycle true
9 verbose lifecycle angular2-quickstart@1.0.0~tsc: PATH: /usr/local/lib/node_modules/npm/bin/node-gyp-bin:/Users/zacharyryansmith/Code/tuts/ng2/todo/node_modules/.bin:/usr/local/bin:/Users/zacharyryansmith/.rvm/gems/ruby-2.2.1/bin:/Users/zacharyryansmith/.rvm/gems/ruby-2.2.1@global/bin:/Users/zacharyryansmith/.rvm/rubies/ruby-2.2.1/bin:/Library/Frameworks/Python.framework/Versions/2.7/bin:/usr/local/bin:/usr/bin:/bin:/usr/sbin:/sbin:/usr/local/MacGPG2/bin:/Users/zacharyryansmith/.rvm/bin
10 verbose lifecycle angular2-quickstart@1.0.0~tsc: CWD: /Users/zacharyryansmith/Code/tuts/ng2/todo
11 silly lifecycle angular2-quickstart@1.0.0~tsc: Args: [ '-c', 'tsc' ]
12 info lifecycle angular2-quickstart@1.0.0~tsc: Failed to exec tsc script
13 verbose stack Error: angular2-quickstart@1.0.0 tsc: `tsc`
13 verbose stack spawn ENOENT
13 verbose stack     at ChildProcess.<anonymous> (/usr/local/lib/node_modules/npm/lib/utils/spawn.js:17:16)
13 verbose stack     at emitTwo (events.js:100:13)
13 verbose stack     at ChildProcess.emit (events.js:185:7)
13 verbose stack     at maybeClose (internal/child_process.js:850:16)
13 verbose stack     at Process.ChildProcess._handle.onexit (internal/child_process.js:215:5)
14 verbose pkgid angular2-quickstart@1.0.0
15 verbose cwd /Users/zacharyryansmith/Code/tuts/ng2/todo
16 error Darwin 14.5.0
17 error argv "/usr/local/bin/node" "/usr/local/bin/npm" "run" "tsc"
18 error node v5.9.1
19 error npm  v3.7.3
20 error file sh
21 error code ELIFECYCLE
22 error errno ENOENT
23 error syscall spawn
24 error angular2-quickstart@1.0.0 tsc: `tsc`
24 error spawn ENOENT
25 error Failed at the angular2-quickstart@1.0.0 tsc script 'tsc'.
25 error Make sure you have the latest version of node.js and npm installed.
25 error If you do, this is most likely a problem with the angular2-quickstart package,
25 error not with npm itself.
25 error Tell the author that this fails on your system:
25 error     tsc
25 error You can get information on how to open an issue for this project with:
25 error     npm bugs angular2-quickstart
25 error Or if that isn't available, you can get their info via:
25 error     npm owner ls angular2-quickstart
25 error There is likely additional logging output above.
26 verbose exit [ 1, true ]
